05/06/2024 07:05:27 PM | INFO: Today is: monday - 2024-05-06 
05/06/2024 07:05:27 PM | INFO: {"message": "Waiting for suitable server to become available", "selector": "Primary()", "operation": "find", "topologyDescription": "<TopologyDescription id: 6638c7877047e1c286cdeba1, topology_type: ReplicaSetNoPrimary, servers: [<ServerDescription ('ac-ysky4yb-shard-00-00.snyu1z3.mongodb.net', 27017) server_type: Unknown, rtt: None>, <ServerDescription ('ac-ysky4yb-shard-00-01.snyu1z3.mongodb.net', 27017) server_type: Unknown, rtt: None>, <ServerDescription ('ac-ysky4yb-shard-00-02.snyu1z3.mongodb.net', 27017) server_type: Unknown, rtt: None>]>", "clientId": {"$oid": "6638c7877047e1c286cdeba1"}, "remainingTimeMS": 29}
05/06/2024 07:05:28 PM | INFO: ====== WebDriver manager ======
05/06/2024 07:05:28 PM | INFO: Get LATEST chromedriver version for google-chrome
05/06/2024 07:05:28 PM | INFO: Get LATEST chromedriver version for google-chrome
05/06/2024 07:05:28 PM | INFO: Driver [/Users/pimenvibritania/.wdm/drivers/chromedriver/mac64/124.0.6367.91/chromedriver-mac-arm64/chromedriver] found in cache
05/06/2024 07:05:29 PM | INFO: webdriver installed 
05/06/2024 07:05:38 PM | INFO: login as 197305042007011012 
05/06/2024 07:05:38 PM | INFO: {'success': False, 'error': 'Waktu aktivitas ini bersinggungan dengan aktivitas "Monitoring pengangkutan sampah ke jalur cibuntu"'}
05/06/2024 07:05:38 PM | INFO: Aktifitas (08:15 - 10:00): Monitoring pengangkutan sampah ke jalur cibuntu selesai diinput
05/06/2024 07:05:39 PM | INFO: {'success': False, 'error': 'Waktu aktivitas ini bersinggungan dengan aktivitas "Monitoring pengangkutan sampah ke jalur cidahu"'}
05/06/2024 07:05:39 PM | INFO: Aktifitas (10:00 - 12:00): Monitoring pengangkutan sampah ke jalur cidahu selesai diinput
05/06/2024 07:05:40 PM | INFO: {'success': False, 'error': 'Waktu aktivitas ini bersinggungan dengan aktivitas "Monitoring pengangkutan sampah ke jalur cicurug"'}
05/06/2024 07:05:40 PM | INFO: Aktifitas (13:00 - 15:00): Monitoring pengangkutan sampah ke jalur cicurug selesai diinput
05/06/2024 07:05:41 PM | INFO: {'success': False, 'error': 'Waktu aktivitas ini bersinggungan dengan aktivitas "Melakukan kegiatan apel pagi di lingkungan kantor"'}
05/06/2024 07:05:41 PM | INFO: Aktifitas tambahan selesai diinput 
05/06/2024 07:05:41 PM | INFO: webdriver closed 
05/06/2024 07:05:41 PM | INFO: ====== WebDriver manager ======
05/06/2024 07:05:41 PM | INFO: Get LATEST chromedriver version for google-chrome
05/06/2024 07:05:41 PM | INFO: Get LATEST chromedriver version for google-chrome
05/06/2024 07:05:41 PM | INFO: Driver [/Users/pimenvibritania/.wdm/drivers/chromedriver/mac64/124.0.6367.91/chromedriver-mac-arm64/chromedriver] found in cache
05/06/2024 07:05:42 PM | INFO: webdriver installed 
05/06/2024 07:05:52 PM | INFO: login as 197803062008011005 
05/06/2024 07:05:52 PM | INFO: {'success': False, 'error': 'Waktu aktivitas ini bersinggungan dengan aktivitas "Pengangkutan sampah dari tps. Endeng, tps. Danu"'}
05/06/2024 07:05:52 PM | INFO: Aktifitas (08:15 - 12:00): Pengangkutan sampah dari tps. Endeng, tps. Danu selesai diinput
05/06/2024 07:05:53 PM | INFO: {'success': False, 'error': 'Waktu aktivitas ini bersinggungan dengan aktivitas "Pengangkutan sampah dari jalur desa benda, spbu bangkongreang"'}
05/06/2024 07:05:53 PM | INFO: Aktifitas (13:00 - 15:00): Pengangkutan sampah dari jalur desa benda, spbu bangkongreang selesai diinput
05/06/2024 07:05:54 PM | INFO: {'success': False, 'error': 'Waktu aktivitas ini bersinggungan dengan aktivitas "Melakukan kegiatan apel pagi di lingkungan kantor"'}
05/06/2024 07:05:54 PM | INFO: Aktifitas tambahan selesai diinput 
05/06/2024 07:05:54 PM | INFO: webdriver closed 
05/06/2024 07:05:54 PM | INFO: ====== WebDriver manager ======
05/06/2024 07:05:54 PM | INFO: Get LATEST chromedriver version for google-chrome
05/06/2024 07:05:54 PM | INFO: Get LATEST chromedriver version for google-chrome
05/06/2024 07:05:54 PM | INFO: Driver [/Users/pimenvibritania/.wdm/drivers/chromedriver/mac64/124.0.6367.91/chromedriver-mac-arm64/chromedriver] found in cache
05/06/2024 07:05:55 PM | INFO: webdriver installed 
05/06/2024 07:06:07 PM | INFO: login as 196606092007011009 
05/06/2024 07:06:08 PM | INFO: {'success': False, 'error': 'Waktu aktivitas ini bersinggungan dengan aktivitas "Pengangkutan sampah dari jalur warga sindang palay"'}
05/06/2024 07:06:08 PM | INFO: Aktifitas (08:15 - 12:00): Pengangkutan sampah dari jalur warga sindang palay selesai diinput
05/06/2024 07:06:08 PM | INFO: {'success': False, 'error': 'Waktu aktivitas ini bersinggungan dengan aktivitas "Pengangkutan sampah dari desa pasawahan"'}
05/06/2024 07:06:08 PM | INFO: Aktifitas (13:00 - 15:00): Pengangkutan sampah dari desa pasawahan selesai diinput
05/06/2024 07:06:10 PM | INFO: {'success': False, 'error': 'Waktu aktivitas ini bersinggungan dengan aktivitas "Melakukan kegiatan apel pagi di lingkungan kantor"'}
05/06/2024 07:06:10 PM | INFO: Aktifitas tambahan selesai diinput 
05/06/2024 07:06:10 PM | INFO: webdriver closed 
05/06/2024 07:06:10 PM | INFO: ====== WebDriver manager ======
05/06/2024 07:06:10 PM | INFO: Get LATEST chromedriver version for google-chrome
05/06/2024 07:06:10 PM | INFO: Get LATEST chromedriver version for google-chrome
05/06/2024 07:06:10 PM | INFO: Driver [/Users/pimenvibritania/.wdm/drivers/chromedriver/mac64/124.0.6367.91/chromedriver-mac-arm64/chromedriver] found in cache
05/06/2024 07:06:11 PM | INFO: webdriver installed 
05/06/2024 07:06:18 PM | INFO: login as 198007232008011002 
05/06/2024 07:06:19 PM | INFO: {'success': False, 'error': 'Waktu aktivitas ini bersinggungan dengan aktivitas "Pengangkutan sampah dari tps. Endeng, tps. Danu"'}
05/06/2024 07:06:19 PM | INFO: Aktifitas (08:15 - 12:00): Pengangkutan sampah dari tps. Endeng, tps. Danu selesai diinput
05/06/2024 07:06:20 PM | INFO: {'success': False, 'error': 'Waktu aktivitas ini bersinggungan dengan aktivitas "Pengangkutan sampah dari jalur desa benda, spbu bangkongreang"'}
05/06/2024 07:06:20 PM | INFO: Aktifitas (13:00 - 15:00): Pengangkutan sampah dari jalur desa benda, spbu bangkongreang selesai diinput
05/06/2024 07:06:21 PM | INFO: {'success': False, 'error': 'Waktu aktivitas ini bersinggungan dengan aktivitas "Melakukan kegiatan apel pagi di lingkungan kantor"'}
05/06/2024 07:06:21 PM | INFO: Aktifitas tambahan selesai diinput 
05/06/2024 07:06:21 PM | INFO: webdriver closed 
05/06/2024 07:06:21 PM | INFO: ====== WebDriver manager ======
05/06/2024 07:06:21 PM | INFO: Get LATEST chromedriver version for google-chrome
05/06/2024 07:06:22 PM | INFO: Get LATEST chromedriver version for google-chrome
05/06/2024 07:06:22 PM | INFO: Driver [/Users/pimenvibritania/.wdm/drivers/chromedriver/mac64/124.0.6367.91/chromedriver-mac-arm64/chromedriver] found in cache
05/06/2024 07:06:23 PM | INFO: webdriver installed 
05/06/2024 07:06:40 PM | INFO: login as 197606262008011006 
05/06/2024 07:06:41 PM | INFO: {'success': False, 'error': 'Waktu aktivitas ini bersinggungan dengan aktivitas "Pengambilan sampah dari gg. Cimalati s/d kaum tengah"'}
05/06/2024 07:06:41 PM | INFO: Aktifitas (08:15 - 09:30): Pengambilan sampah dari gg. Cimalati s/d kaum tengah selesai diinput
05/06/2024 07:06:42 PM | INFO: {'success': False, 'error': 'Waktu aktivitas ini bersinggungan dengan aktivitas "Pengambilan sampah dari kaum tengah s/d gg. Bangbayang"'}
05/06/2024 07:06:42 PM | INFO: Aktifitas (10:00 - 11:30): Pengambilan sampah dari kaum tengah s/d gg. Bangbayang selesai diinput
05/06/2024 07:06:43 PM | INFO: {'success': False, 'error': 'Waktu aktivitas ini bersinggungan dengan aktivitas "Pengambilan sampah dari iscalton dan kaum kidul"'}
05/06/2024 07:06:43 PM | INFO: Aktifitas (13:00 - 14:30): Pengambilan sampah dari iscalton dan kaum kidul selesai diinput
05/06/2024 07:06:44 PM | INFO: {'success': False, 'error': 'Waktu aktivitas ini bersinggungan dengan aktivitas "Mencuci kendaraan cator"'}
05/06/2024 07:06:44 PM | INFO: Aktifitas (14:30 - 16:00): Mencuci kendaraan cator selesai diinput
05/06/2024 07:06:44 PM | INFO: {'success': False, 'error': 'Waktu aktivitas ini bersinggungan dengan aktivitas "Melakukan kegiatan apel pagi di lingkungan kantor"'}
05/06/2024 07:06:44 PM | INFO: Aktifitas tambahan selesai diinput 
05/06/2024 07:06:44 PM | INFO: webdriver closed 
05/06/2024 07:06:44 PM | INFO: ====== WebDriver manager ======
05/06/2024 07:06:44 PM | INFO: Get LATEST chromedriver version for google-chrome
05/06/2024 07:06:45 PM | INFO: Get LATEST chromedriver version for google-chrome
05/06/2024 07:06:45 PM | INFO: Driver [/Users/pimenvibritania/.wdm/drivers/chromedriver/mac64/124.0.6367.91/chromedriver-mac-arm64/chromedriver] found in cache
05/06/2024 07:06:45 PM | INFO: webdriver installed 
05/06/2024 07:07:01 PM | INFO: login as 196702042007011011 
05/06/2024 07:07:02 PM | INFO: {'success': False, 'error': 'Waktu aktivitas ini bersinggungan dengan aktivitas "Melakukan penagihan retribusi sampah ke Tps. Bolang RT. 03,04,06,07"'}
05/06/2024 07:07:02 PM | INFO: Aktifitas (08:15 - 12:00): False selesai diinput
05/06/2024 07:07:03 PM | INFO: {'success': False, 'error': 'Waktu aktivitas ini bersinggungan dengan aktivitas "Melakukan penagihan retribusi sampah ke PT. LONGPIN"'}
05/06/2024 07:07:03 PM | INFO: Aktifitas (13:00 - 15:00): False selesai diinput
05/06/2024 07:07:03 PM | INFO: {'success': False, 'error': 'Waktu aktivitas ini bersinggungan dengan aktivitas "Melakukan kegiatan apel pagi di lingkungan kantor"'}
05/06/2024 07:07:03 PM | INFO: Aktifitas tambahan selesai diinput 
05/06/2024 07:07:03 PM | INFO: webdriver closed 
