05/06/2024 06:41:07 PM | INFO: Today is: monday - 2024-05-06 
05/06/2024 06:41:07 PM | INFO: {"message": "Waiting for suitable server to become available", "selector": "Primary()", "operation": "find", "topologyDescription": "<TopologyDescription id: 6638c1d3ca01b20b84762ad2, topology_type: ReplicaSetNoPrimary, servers: [<ServerDescription ('ac-ysky4yb-shard-00-00.snyu1z3.mongodb.net', 27017) server_type: Unknown, rtt: None>, <ServerDescription ('ac-ysky4yb-shard-00-01.snyu1z3.mongodb.net', 27017) server_type: Unknown, rtt: None>, <ServerDescription ('ac-ysky4yb-shard-00-02.snyu1z3.mongodb.net', 27017) server_type: Unknown, rtt: None>]>", "clientId": {"$oid": "6638c1d3ca01b20b84762ad2"}, "remainingTimeMS": 29}
05/06/2024 06:41:08 PM | INFO: ====== WebDriver manager ======
05/06/2024 06:41:08 PM | INFO: Get LATEST chromedriver version for google-chrome
05/06/2024 06:41:08 PM | INFO: Get LATEST chromedriver version for google-chrome
05/06/2024 06:41:08 PM | INFO: Driver [/Users/pimenvibritania/.wdm/drivers/chromedriver/mac64/124.0.6367.91/chromedriver-mac-arm64/chromedriver] found in cache
05/06/2024 06:41:09 PM | INFO: webdriver installed 
05/06/2024 06:41:13 PM | INFO: login as 197305042007011012 
05/06/2024 06:41:14 PM | INFO: {'success': False, 'error': 'Waktu aktivitas ini bersinggungan dengan aktivitas "Monitoring pengangkutan sampah ke jalur cibuntu"'}
05/06/2024 06:41:14 PM | INFO: Aktifitas (08:15 - 10:00): Monitoring pengangkutan sampah ke jalur cibuntu selesai diinput
05/06/2024 06:41:15 PM | INFO: {'success': False, 'error': 'Waktu aktivitas ini bersinggungan dengan aktivitas "Monitoring pengangkutan sampah ke jalur cidahu"'}
05/06/2024 06:41:15 PM | INFO: Aktifitas (10:00 - 12:00): Monitoring pengangkutan sampah ke jalur cidahu selesai diinput
05/06/2024 06:41:15 PM | INFO: {'success': False, 'error': 'Waktu aktivitas ini bersinggungan dengan aktivitas "Monitoring pengangkutan sampah ke jalur cicurug"'}
05/06/2024 06:41:15 PM | INFO: Aktifitas (13:00 - 15:00): Monitoring pengangkutan sampah ke jalur cicurug selesai diinput
05/06/2024 06:41:16 PM | INFO: {'success': False, 'error': 'Waktu aktivitas ini bersinggungan dengan aktivitas "Melakukan kegiatan apel pagi di lingkungan kantor"'}
05/06/2024 06:41:16 PM | INFO: Aktifitas tambahan selesai diinput 
05/06/2024 06:41:16 PM | INFO: webdriver closed 
05/06/2024 06:41:16 PM | INFO: ====== WebDriver manager ======
05/06/2024 06:41:16 PM | INFO: Get LATEST chromedriver version for google-chrome
05/06/2024 06:41:16 PM | INFO: Get LATEST chromedriver version for google-chrome
05/06/2024 06:41:17 PM | INFO: Driver [/Users/pimenvibritania/.wdm/drivers/chromedriver/mac64/124.0.6367.91/chromedriver-mac-arm64/chromedriver] found in cache
05/06/2024 06:41:17 PM | INFO: webdriver installed 
05/06/2024 06:41:23 PM | INFO: login as 197803062008011005 
05/06/2024 06:41:24 PM | INFO: {'success': True}
05/06/2024 06:41:24 PM | INFO: Aktifitas (08:15 - 12:00): Pengangkutan sampah dari tps. Endeng, tps. Danu selesai diinput
05/06/2024 06:41:26 PM | INFO: {'success': True}
05/06/2024 06:41:26 PM | INFO: Aktifitas (13:00 - 15:00): Pengangkutan sampah dari jalur desa benda, spbu bangkongreang selesai diinput
05/06/2024 06:41:27 PM | INFO: {'success': True}
05/06/2024 06:41:27 PM | INFO: Aktifitas tambahan selesai diinput 
05/06/2024 06:41:27 PM | INFO: webdriver closed 
05/06/2024 06:41:27 PM | INFO: ====== WebDriver manager ======
05/06/2024 06:41:27 PM | INFO: Get LATEST chromedriver version for google-chrome
05/06/2024 06:41:27 PM | INFO: Get LATEST chromedriver version for google-chrome
05/06/2024 06:41:27 PM | INFO: Driver [/Users/pimenvibritania/.wdm/drivers/chromedriver/mac64/124.0.6367.91/chromedriver-mac-arm64/chromedriver] found in cache
05/06/2024 06:41:27 PM | INFO: webdriver installed 
05/06/2024 06:41:41 PM | INFO: login as 196606092007011009 
05/06/2024 06:41:43 PM | INFO: {'success': True}
05/06/2024 06:41:43 PM | INFO: Aktifitas (08:15 - 12:00): Pengangkutan sampah dari jalur warga sindang palay selesai diinput
05/06/2024 06:41:44 PM | INFO: {'success': True}
05/06/2024 06:41:44 PM | INFO: Aktifitas (13:00 - 15:00): Pengangkutan sampah dari desa pasawahan selesai diinput
05/06/2024 06:41:45 PM | INFO: {'success': True}
05/06/2024 06:41:45 PM | INFO: Aktifitas tambahan selesai diinput 
05/06/2024 06:41:45 PM | INFO: webdriver closed 
05/06/2024 06:41:45 PM | INFO: ====== WebDriver manager ======
05/06/2024 06:41:45 PM | INFO: Get LATEST chromedriver version for google-chrome
05/06/2024 06:42:04 PM | INFO: Get LATEST chromedriver version for google-chrome
05/06/2024 06:42:04 PM | INFO: Driver [/Users/pimenvibritania/.wdm/drivers/chromedriver/mac64/124.0.6367.91/chromedriver-mac-arm64/chromedriver] found in cache
05/06/2024 06:42:05 PM | INFO: webdriver installed 
05/06/2024 06:42:12 PM | INFO: login as 198007232008011002 
05/06/2024 06:42:12 PM | INFO: {'success': True}
05/06/2024 06:42:12 PM | INFO: Aktifitas (08:15 - 12:00): Pengangkutan sampah dari tps. Endeng, tps. Danu selesai diinput
05/06/2024 06:42:13 PM | INFO: {'success': True}
05/06/2024 06:42:13 PM | INFO: Aktifitas (13:00 - 15:00): Pengangkutan sampah dari jalur desa benda, spbu bangkongreang selesai diinput
05/06/2024 06:42:14 PM | INFO: {'success': True}
05/06/2024 06:42:14 PM | INFO: Aktifitas tambahan selesai diinput 
05/06/2024 06:42:14 PM | INFO: webdriver closed 
05/06/2024 06:42:14 PM | INFO: ====== WebDriver manager ======
05/06/2024 06:42:14 PM | INFO: Get LATEST chromedriver version for google-chrome
05/06/2024 06:42:14 PM | INFO: Get LATEST chromedriver version for google-chrome
05/06/2024 06:42:15 PM | INFO: Driver [/Users/pimenvibritania/.wdm/drivers/chromedriver/mac64/124.0.6367.91/chromedriver-mac-arm64/chromedriver] found in cache
05/06/2024 06:42:16 PM | INFO: webdriver installed 
05/06/2024 06:42:21 PM | INFO: login as 197606262008011006 
05/06/2024 06:42:22 PM | INFO: {'success': True}
05/06/2024 06:42:22 PM | INFO: Aktifitas (08:15 - 09:30): Pengambilan sampah dari gg. Cimalati s/d kaum tengah selesai diinput
05/06/2024 06:42:23 PM | INFO: {'success': True}
05/06/2024 06:42:23 PM | INFO: Aktifitas (10:00 - 11:30): Pengambilan sampah dari kaum tengah s/d gg. Bangbayang selesai diinput
05/06/2024 06:42:23 PM | INFO: {'success': True}
05/06/2024 06:42:23 PM | INFO: Aktifitas (13:00 - 14:30): Pengambilan sampah dari iscalton dan kaum kidul selesai diinput
05/06/2024 06:42:24 PM | INFO: {'success': True}
05/06/2024 06:42:24 PM | INFO: Aktifitas (14:30 - 16:00): Mencuci kendaraan cator selesai diinput
05/06/2024 06:42:25 PM | INFO: {'success': True}
05/06/2024 06:42:25 PM | INFO: Aktifitas tambahan selesai diinput 
05/06/2024 06:42:25 PM | INFO: webdriver closed 
05/06/2024 06:42:25 PM | INFO: ====== WebDriver manager ======
05/06/2024 06:42:25 PM | INFO: Get LATEST chromedriver version for google-chrome
05/06/2024 06:42:25 PM | INFO: Get LATEST chromedriver version for google-chrome
05/06/2024 06:42:25 PM | INFO: Driver [/Users/pimenvibritania/.wdm/drivers/chromedriver/mac64/124.0.6367.91/chromedriver-mac-arm64/chromedriver] found in cache
05/06/2024 06:42:26 PM | INFO: webdriver installed 
05/06/2024 06:42:35 PM | INFO: login as 196702042007011011 
05/06/2024 06:42:35 PM | INFO: {'success': True}
05/06/2024 06:42:35 PM | INFO: Aktifitas (08:15 - 12:00): False selesai diinput
05/06/2024 06:42:36 PM | INFO: {'success': True}
05/06/2024 06:42:36 PM | INFO: Aktifitas (13:00 - 15:00): False selesai diinput
05/06/2024 06:42:37 PM | INFO: {'success': True}
05/06/2024 06:42:37 PM | INFO: Aktifitas tambahan selesai diinput 
05/06/2024 06:42:37 PM | INFO: webdriver closed 
05/06/2024 06:42:37 PM | INFO: -- BEGIN Twilio API Request --
05/06/2024 06:42:37 PM | INFO: POST Request: https://api.twilio.com/2010-04-01/Accounts/ACc7aaf48f5866730b1b4b6106a1d1f1d4/Messages.json
05/06/2024 06:42:37 PM | INFO: Headers:
05/06/2024 06:42:37 PM | INFO: User-Agent : twilio-python/9.0.5 (Darwin arm64) Python/3.12.3
05/06/2024 06:42:37 PM | INFO: X-Twilio-Client : python-9.0.5
05/06/2024 06:42:37 PM | INFO: Accept-Charset : utf-8
05/06/2024 06:42:37 PM | INFO: Content-Type : application/x-www-form-urlencoded
05/06/2024 06:42:37 PM | INFO: Accept : application/json
05/06/2024 06:42:37 PM | INFO: -- END Twilio API Request --
05/06/2024 06:42:39 PM | INFO: Response Status Code: 201
05/06/2024 06:42:39 PM | INFO: Response Headers: {'Date': 'Mon, 06 May 2024 11:42:39 GMT', 'Content-Type': 'application/json;charset=utf-8', 'Content-Length': '2091', 'Connection': 'keep-alive', 'Twilio-Concurrent-Requests': '1', 'Twilio-Request-Id': 'RQdf5fb99c32010996534ba8a925ad947a', 'Twilio-Request-Duration': '103', 'X-Api-Domain': 'api.twilio.com', 'Strict-Transport-Security': 'max-age=31536000', 'Access-Control-Allow-Origin': '*', 'Access-Control-Allow-Headers': 'Accept, Authorization, Content-Type, If-Match, If-Modified-Since, If-None-Match, If-Unmodified-Since, Idempotency-Key, X-Pre-Auth-Context, X-Target-Region', 'Access-Control-Allow-Methods': 'GET, POST, PATCH, PUT, DELETE, OPTIONS', 'Access-Control-Expose-Headers': 'ETag, Twilio-Request-Id', 'Access-Control-Allow-Credentials': 'true', 'X-Shenanigans': 'none', 'X-Powered-By': 'AT-5000', 'X-Home-Region': 'us1'}
