08:20:59 PM | INFO: Today is: monday - 2024-05-06 
08:20:59 PM | INFO: {"message": "Waiting for suitable server to become available", "selector": "Primary()", "operation": "find", "topologyDescription": "<TopologyDescription id: 6638d93be1fc17c8bb0c0eda, topology_type: ReplicaSetNoPrimary, servers: [<ServerDescription ('ac-ysky4yb-shard-00-00.snyu1z3.mongodb.net', 27017) server_type: Unknown, rtt: None>, <ServerDescription ('ac-ysky4yb-shard-00-01.snyu1z3.mongodb.net', 27017) server_type: Unknown, rtt: None>, <ServerDescription ('ac-ysky4yb-shard-00-02.snyu1z3.mongodb.net', 27017) server_type: Unknown, rtt: None>]>", "clientId": {"$oid": "6638d93be1fc17c8bb0c0eda"}, "remainingTimeMS": 29}
08:21:00 PM | INFO: ====== WebDriver manager ======
08:21:00 PM | INFO: Get LATEST chromedriver version for google-chrome
08:21:00 PM | INFO: Get LATEST chromedriver version for google-chrome
08:21:01 PM | INFO: Driver [/Users/pimenvibritania/.wdm/drivers/chromedriver/mac64/124.0.6367.91/chromedriver-mac-arm64/chromedriver] found in cache
08:21:02 PM | INFO: webdriver installed 
08:21:21 PM | INFO: 
======= Login as 197305042007011012 | Sahidin =======
08:21:23 PM | INFO: Aktifitas GAGAL diinput (Waktu aktivitas ini bersinggungan dengan aktivitas "Monitoring pengangkutan sampah ke jalur cibuntu")
08:21:24 PM | INFO: Aktifitas GAGAL diinput (Waktu aktivitas ini bersinggungan dengan aktivitas "Monitoring pengangkutan sampah ke jalur cidahu")
08:21:24 PM | INFO: Aktifitas GAGAL diinput (Waktu aktivitas ini bersinggungan dengan aktivitas "Monitoring pengangkutan sampah ke jalur cicurug")
08:21:27 PM | INFO: Aktifitas tambahan GAGAL diinput
08:21:27 PM | INFO: Aktifitas gagal diinput (Waktu aktivitas ini bersinggungan dengan aktivitas "Melakukan kegiatan apel pagi di lingkungan kantor")
08:21:27 PM | INFO: webdriver closed 
08:21:27 PM | INFO: ====== Logged Out ======
 
08:21:27 PM | INFO: ====== WebDriver manager ======
08:21:27 PM | INFO: Get LATEST chromedriver version for google-chrome
08:21:27 PM | INFO: Get LATEST chromedriver version for google-chrome
08:21:46 PM | INFO: Driver [/Users/pimenvibritania/.wdm/drivers/chromedriver/mac64/124.0.6367.91/chromedriver-mac-arm64/chromedriver] found in cache
08:21:47 PM | INFO: webdriver installed 
08:22:07 PM | INFO: 
======= Login as 197803062008011005 | Yuyus Mohamad Yuspa =======
08:22:08 PM | INFO: Aktifitas GAGAL diinput (Waktu aktivitas ini bersinggungan dengan aktivitas "Pengangkutan sampah dari tps. Endeng, tps. Danu")
08:22:09 PM | INFO: Aktifitas GAGAL diinput (Waktu aktivitas ini bersinggungan dengan aktivitas "Pengangkutan sampah dari jalur desa benda, spbu bangkongreang")
08:22:09 PM | INFO: Aktifitas tambahan GAGAL diinput
08:22:09 PM | INFO: Aktifitas gagal diinput (Waktu aktivitas ini bersinggungan dengan aktivitas "Melakukan kegiatan apel pagi di lingkungan kantor")
08:22:09 PM | INFO: webdriver closed 
08:22:09 PM | INFO: ====== Logged Out ======
 
08:22:09 PM | INFO: ====== WebDriver manager ======
08:22:09 PM | INFO: Get LATEST chromedriver version for google-chrome
08:22:09 PM | INFO: Get LATEST chromedriver version for google-chrome
08:22:10 PM | INFO: Driver [/Users/pimenvibritania/.wdm/drivers/chromedriver/mac64/124.0.6367.91/chromedriver-mac-arm64/chromedriver] found in cache
08:22:10 PM | INFO: webdriver installed 
08:22:38 PM | INFO: 
======= Login as 196606092007011009 | Zaenudin =======
08:22:39 PM | INFO: Aktifitas GAGAL diinput (Waktu aktivitas ini bersinggungan dengan aktivitas "Pengangkutan sampah dari jalur warga sindang palay")
08:22:40 PM | INFO: Aktifitas GAGAL diinput (Waktu aktivitas ini bersinggungan dengan aktivitas "Pengangkutan sampah dari desa pasawahan")
08:22:41 PM | INFO: Aktifitas tambahan GAGAL diinput
08:22:41 PM | INFO: Aktifitas gagal diinput (Waktu aktivitas ini bersinggungan dengan aktivitas "Melakukan kegiatan apel pagi di lingkungan kantor")
08:22:41 PM | INFO: webdriver closed 
08:22:41 PM | INFO: ====== Logged Out ======
 
08:22:41 PM | INFO: ====== WebDriver manager ======
08:22:41 PM | INFO: Get LATEST chromedriver version for google-chrome
08:22:41 PM | INFO: Get LATEST chromedriver version for google-chrome
08:22:42 PM | INFO: Driver [/Users/pimenvibritania/.wdm/drivers/chromedriver/mac64/124.0.6367.91/chromedriver-mac-arm64/chromedriver] found in cache
08:22:42 PM | INFO: webdriver installed 
08:23:07 PM | INFO: 
======= Login as 198007232008011002 | Mulyadi =======
08:23:07 PM | INFO: Aktifitas GAGAL diinput (Waktu aktivitas ini bersinggungan dengan aktivitas "Pengangkutan sampah dari tps. Endeng, tps. Danu")
08:23:08 PM | INFO: Aktifitas GAGAL diinput (Waktu aktivitas ini bersinggungan dengan aktivitas "Pengangkutan sampah dari jalur desa benda, spbu bangkongreang")
08:23:09 PM | INFO: Aktifitas tambahan GAGAL diinput
08:23:09 PM | INFO: Aktifitas gagal diinput (Waktu aktivitas ini bersinggungan dengan aktivitas "Melakukan kegiatan apel pagi di lingkungan kantor")
08:23:09 PM | INFO: webdriver closed 
08:23:09 PM | INFO: ====== Logged Out ======
 
08:23:09 PM | INFO: ====== WebDriver manager ======
08:23:09 PM | INFO: Get LATEST chromedriver version for google-chrome
08:23:09 PM | INFO: Get LATEST chromedriver version for google-chrome
08:23:09 PM | INFO: Driver [/Users/pimenvibritania/.wdm/drivers/chromedriver/mac64/124.0.6367.91/chromedriver-mac-arm64/chromedriver] found in cache
08:23:10 PM | INFO: webdriver installed 
08:23:49 PM | INFO: 
======= Login as 197606262008011006 | Hermansyah =======
08:23:50 PM | INFO: Aktifitas GAGAL diinput (Waktu aktivitas ini bersinggungan dengan aktivitas "Pengambilan sampah dari gg. Cimalati s/d kaum tengah")
08:23:51 PM | INFO: Aktifitas GAGAL diinput (Waktu aktivitas ini bersinggungan dengan aktivitas "Pengambilan sampah dari kaum tengah s/d gg. Bangbayang")
08:23:51 PM | INFO: Aktifitas GAGAL diinput (Waktu aktivitas ini bersinggungan dengan aktivitas "Pengambilan sampah dari iscalton dan kaum kidul")
08:23:52 PM | INFO: Aktifitas GAGAL diinput (Waktu aktivitas ini bersinggungan dengan aktivitas "Mencuci kendaraan cator")
08:23:53 PM | INFO: Aktifitas tambahan GAGAL diinput
08:23:53 PM | INFO: Aktifitas gagal diinput (Waktu aktivitas ini bersinggungan dengan aktivitas "Melakukan kegiatan apel pagi di lingkungan kantor")
08:23:53 PM | INFO: webdriver closed 
08:23:53 PM | INFO: ====== Logged Out ======
 
08:23:53 PM | INFO: ====== WebDriver manager ======
08:23:53 PM | INFO: Get LATEST chromedriver version for google-chrome
08:23:53 PM | INFO: Get LATEST chromedriver version for google-chrome
08:23:53 PM | INFO: Driver [/Users/pimenvibritania/.wdm/drivers/chromedriver/mac64/124.0.6367.91/chromedriver-mac-arm64/chromedriver] found in cache
08:23:54 PM | INFO: webdriver installed 
08:24:58 PM | INFO: 
======= Login as 196702042007011011 | Iskin Allatip =======
08:24:59 PM | INFO: Aktifitas GAGAL diinput (Waktu aktivitas ini bersinggungan dengan aktivitas "Melakukan penagihan retribusi sampah ke Tps. Bolang RT. 03,04,06,07")
08:25:00 PM | INFO: Aktifitas GAGAL diinput (Waktu aktivitas ini bersinggungan dengan aktivitas "Melakukan penagihan retribusi sampah ke PT. LONGPIN")
08:25:01 PM | INFO: Aktifitas tambahan GAGAL diinput
08:25:01 PM | INFO: Aktifitas gagal diinput (Waktu aktivitas ini bersinggungan dengan aktivitas "Melakukan kegiatan apel pagi di lingkungan kantor")
08:25:01 PM | INFO: webdriver closed 
08:25:01 PM | INFO: ====== Logged Out ======
 
08:25:04 PM | INFO: -- BEGIN Twilio API Request --
08:25:04 PM | INFO: POST Request: https://api.twilio.com/2010-04-01/Accounts/ACc7aaf48f5866730b1b4b6106a1d1f1d4/Messages.json
08:25:04 PM | INFO: Headers:
08:25:04 PM | INFO: User-Agent : twilio-python/9.0.5 (Darwin arm64) Python/3.12.3
08:25:04 PM | INFO: X-Twilio-Client : python-9.0.5
08:25:04 PM | INFO: Accept-Charset : utf-8
08:25:04 PM | INFO: Content-Type : application/x-www-form-urlencoded
08:25:04 PM | INFO: Accept : application/json
08:25:04 PM | INFO: -- END Twilio API Request --
08:25:07 PM | INFO: Response Status Code: 201
08:25:07 PM | INFO: Response Headers: {'Date': 'Mon, 06 May 2024 13:25:07 GMT', 'Content-Type': 'application/json;charset=utf-8', 'Content-Length': '860', 'Connection': 'keep-alive', 'Twilio-Concurrent-Requests': '1', 'Twilio-Request-Id': 'RQ30e9bbc7badbf98a5a8c94353b15d35a', 'Twilio-Request-Duration': '120', 'X-Api-Domain': 'api.twilio.com', 'Strict-Transport-Security': 'max-age=31536000', 'Access-Control-Allow-Origin': '*', 'Access-Control-Allow-Headers': 'Accept, Authorization, Content-Type, If-Match, If-Modified-Since, If-None-Match, If-Unmodified-Since, Idempotency-Key, X-Pre-Auth-Context, X-Target-Region', 'Access-Control-Allow-Methods': 'GET, POST, PATCH, PUT, DELETE, OPTIONS', 'Access-Control-Expose-Headers': 'ETag, Twilio-Request-Id', 'Access-Control-Allow-Credentials': 'true', 'X-Shenanigans': 'none', 'X-Powered-By': 'AT-5000', 'X-Home-Region': 'us1'}
