05/06/2024 07:25:39 PM | INFO: Today is: monday - 2024-05-06 
05/06/2024 07:25:39 PM | INFO: {"message": "Waiting for suitable server to become available", "selector": "Primary()", "operation": "find", "topologyDescription": "<TopologyDescription id: 6638cc438a3cc11607faea35, topology_type: ReplicaSetNoPrimary, servers: [<ServerDescription ('ac-ysky4yb-shard-00-00.snyu1z3.mongodb.net', 27017) server_type: Unknown, rtt: None>, <ServerDescription ('ac-ysky4yb-shard-00-01.snyu1z3.mongodb.net', 27017) server_type: Unknown, rtt: None>, <ServerDescription ('ac-ysky4yb-shard-00-02.snyu1z3.mongodb.net', 27017) server_type: Unknown, rtt: None>]>", "clientId": {"$oid": "6638cc438a3cc11607faea35"}, "remainingTimeMS": 29}
05/06/2024 07:25:41 PM | INFO: ====== WebDriver manager ======
05/06/2024 07:25:41 PM | INFO: Get LATEST chromedriver version for google-chrome
05/06/2024 07:25:42 PM | INFO: Get LATEST chromedriver version for google-chrome
05/06/2024 07:25:42 PM | INFO: Driver [/Users/pimenvibritania/.wdm/drivers/chromedriver/mac64/124.0.6367.91/chromedriver-mac-arm64/chromedriver] found in cache
05/06/2024 07:25:42 PM | INFO: webdriver installed 
05/06/2024 07:25:49 PM | INFO: login as 197305042007011012 
05/06/2024 07:25:50 PM | INFO: {'success': False, 'error': 'Waktu aktivitas ini bersinggungan dengan aktivitas "Monitoring pengangkutan sampah ke jalur cibuntu"'}
05/06/2024 07:25:50 PM | INFO: Aktifitas (08:15 - 10:00): Monitoring pengangkutan sampah ke jalur cibuntu selesai diinput
05/06/2024 07:25:51 PM | INFO: {'success': False, 'error': 'Waktu aktivitas ini bersinggungan dengan aktivitas "Monitoring pengangkutan sampah ke jalur cidahu"'}
05/06/2024 07:25:51 PM | INFO: Aktifitas (10:00 - 12:00): Monitoring pengangkutan sampah ke jalur cidahu selesai diinput
05/06/2024 07:25:52 PM | INFO: {'success': False, 'error': 'Waktu aktivitas ini bersinggungan dengan aktivitas "Monitoring pengangkutan sampah ke jalur cicurug"'}
05/06/2024 07:25:52 PM | INFO: Aktifitas (13:00 - 15:00): Monitoring pengangkutan sampah ke jalur cicurug selesai diinput
05/06/2024 07:25:53 PM | INFO: {'success': False, 'error': 'Waktu aktivitas ini bersinggungan dengan aktivitas "Melakukan kegiatan apel pagi di lingkungan kantor"'}
05/06/2024 07:25:53 PM | INFO: Aktifitas tambahan selesai diinput 
05/06/2024 07:25:53 PM | INFO: webdriver closed 
05/06/2024 07:25:53 PM | INFO: ====== WebDriver manager ======
05/06/2024 07:25:53 PM | INFO: Get LATEST chromedriver version for google-chrome
05/06/2024 07:25:53 PM | INFO: Get LATEST chromedriver version for google-chrome
05/06/2024 07:25:56 PM | INFO: Driver [/Users/pimenvibritania/.wdm/drivers/chromedriver/mac64/124.0.6367.91/chromedriver-mac-arm64/chromedriver] found in cache
05/06/2024 07:25:56 PM | INFO: webdriver installed 
05/06/2024 07:26:13 PM | INFO: login as 197803062008011005 
05/06/2024 07:26:14 PM | INFO: {'success': False, 'error': 'Waktu aktivitas ini bersinggungan dengan aktivitas "Pengangkutan sampah dari tps. Endeng, tps. Danu"'}
05/06/2024 07:26:14 PM | INFO: Aktifitas (08:15 - 12:00): Pengangkutan sampah dari tps. Endeng, tps. Danu selesai diinput
05/06/2024 07:26:15 PM | INFO: {'success': False, 'error': 'Waktu aktivitas ini bersinggungan dengan aktivitas "Pengangkutan sampah dari jalur desa benda, spbu bangkongreang"'}
05/06/2024 07:26:15 PM | INFO: Aktifitas (13:00 - 15:00): Pengangkutan sampah dari jalur desa benda, spbu bangkongreang selesai diinput
05/06/2024 07:26:16 PM | INFO: {'success': False, 'error': 'Waktu aktivitas ini bersinggungan dengan aktivitas "Melakukan kegiatan apel pagi di lingkungan kantor"'}
05/06/2024 07:26:16 PM | INFO: Aktifitas tambahan selesai diinput 
05/06/2024 07:26:16 PM | INFO: webdriver closed 
05/06/2024 07:26:16 PM | INFO: ====== WebDriver manager ======
05/06/2024 07:26:16 PM | INFO: Get LATEST chromedriver version for google-chrome
05/06/2024 07:26:16 PM | INFO: Get LATEST chromedriver version for google-chrome
05/06/2024 07:26:17 PM | INFO: Driver [/Users/pimenvibritania/.wdm/drivers/chromedriver/mac64/124.0.6367.91/chromedriver-mac-arm64/chromedriver] found in cache
05/06/2024 07:26:17 PM | INFO: webdriver installed 
05/06/2024 07:26:28 PM | INFO: login as 196606092007011009 
05/06/2024 07:26:29 PM | INFO: {'success': False, 'error': 'Waktu aktivitas ini bersinggungan dengan aktivitas "Pengangkutan sampah dari jalur warga sindang palay"'}
05/06/2024 07:26:29 PM | INFO: Aktifitas (08:15 - 12:00): Pengangkutan sampah dari jalur warga sindang palay selesai diinput
05/06/2024 07:26:30 PM | INFO: {'success': False, 'error': 'Waktu aktivitas ini bersinggungan dengan aktivitas "Pengangkutan sampah dari desa pasawahan"'}
05/06/2024 07:26:30 PM | INFO: Aktifitas (13:00 - 15:00): Pengangkutan sampah dari desa pasawahan selesai diinput
05/06/2024 07:26:30 PM | INFO: {'success': False, 'error': 'Waktu aktivitas ini bersinggungan dengan aktivitas "Melakukan kegiatan apel pagi di lingkungan kantor"'}
05/06/2024 07:26:30 PM | INFO: Aktifitas tambahan selesai diinput 
05/06/2024 07:26:31 PM | INFO: webdriver closed 
05/06/2024 07:26:31 PM | INFO: ====== WebDriver manager ======
05/06/2024 07:26:31 PM | INFO: Get LATEST chromedriver version for google-chrome
05/06/2024 07:26:31 PM | INFO: Get LATEST chromedriver version for google-chrome
05/06/2024 07:26:32 PM | INFO: Driver [/Users/pimenvibritania/.wdm/drivers/chromedriver/mac64/124.0.6367.91/chromedriver-mac-arm64/chromedriver] found in cache
05/06/2024 07:26:32 PM | INFO: webdriver installed 
05/06/2024 07:26:46 PM | INFO: login as 198007232008011002 
05/06/2024 07:26:46 PM | INFO: {'success': False, 'error': 'Waktu aktivitas ini bersinggungan dengan aktivitas "Pengangkutan sampah dari tps. Endeng, tps. Danu"'}
05/06/2024 07:26:46 PM | INFO: Aktifitas (08:15 - 12:00): Pengangkutan sampah dari tps. Endeng, tps. Danu selesai diinput
05/06/2024 07:26:47 PM | INFO: {'success': False, 'error': 'Waktu aktivitas ini bersinggungan dengan aktivitas "Pengangkutan sampah dari jalur desa benda, spbu bangkongreang"'}
05/06/2024 07:26:47 PM | INFO: Aktifitas (13:00 - 15:00): Pengangkutan sampah dari jalur desa benda, spbu bangkongreang selesai diinput
05/06/2024 07:26:48 PM | INFO: {'success': False, 'error': 'Waktu aktivitas ini bersinggungan dengan aktivitas "Melakukan kegiatan apel pagi di lingkungan kantor"'}
05/06/2024 07:26:48 PM | INFO: Aktifitas tambahan selesai diinput 
05/06/2024 07:26:48 PM | INFO: webdriver closed 
05/06/2024 07:26:48 PM | INFO: ====== WebDriver manager ======
05/06/2024 07:26:48 PM | INFO: Get LATEST chromedriver version for google-chrome
05/06/2024 07:26:49 PM | INFO: Get LATEST chromedriver version for google-chrome
05/06/2024 07:26:50 PM | INFO: Driver [/Users/pimenvibritania/.wdm/drivers/chromedriver/mac64/124.0.6367.91/chromedriver-mac-arm64/chromedriver] found in cache
05/06/2024 07:26:51 PM | INFO: webdriver installed 
05/06/2024 07:27:00 PM | INFO: login as 197606262008011006 
05/06/2024 07:27:01 PM | INFO: {'success': False, 'error': 'Waktu aktivitas ini bersinggungan dengan aktivitas "Pengambilan sampah dari gg. Cimalati s/d kaum tengah"'}
05/06/2024 07:27:01 PM | INFO: Aktifitas (08:15 - 09:30): Pengambilan sampah dari gg. Cimalati s/d kaum tengah selesai diinput
05/06/2024 07:27:02 PM | INFO: {'success': False, 'error': 'Waktu aktivitas ini bersinggungan dengan aktivitas "Pengambilan sampah dari kaum tengah s/d gg. Bangbayang"'}
05/06/2024 07:27:02 PM | INFO: Aktifitas (10:00 - 11:30): Pengambilan sampah dari kaum tengah s/d gg. Bangbayang selesai diinput
05/06/2024 07:27:02 PM | INFO: {'success': False, 'error': 'Waktu aktivitas ini bersinggungan dengan aktivitas "Pengambilan sampah dari iscalton dan kaum kidul"'}
05/06/2024 07:27:02 PM | INFO: Aktifitas (13:00 - 14:30): Pengambilan sampah dari iscalton dan kaum kidul selesai diinput
05/06/2024 07:27:03 PM | INFO: {'success': False, 'error': 'Waktu aktivitas ini bersinggungan dengan aktivitas "Mencuci kendaraan cator"'}
05/06/2024 07:27:03 PM | INFO: Aktifitas (14:30 - 16:00): Mencuci kendaraan cator selesai diinput
05/06/2024 07:27:04 PM | INFO: {'success': False, 'error': 'Waktu aktivitas ini bersinggungan dengan aktivitas "Melakukan kegiatan apel pagi di lingkungan kantor"'}
05/06/2024 07:27:04 PM | INFO: Aktifitas tambahan selesai diinput 
05/06/2024 07:27:04 PM | INFO: webdriver closed 
05/06/2024 07:27:04 PM | INFO: ====== WebDriver manager ======
05/06/2024 07:27:04 PM | INFO: Get LATEST chromedriver version for google-chrome
05/06/2024 07:27:05 PM | INFO: Get LATEST chromedriver version for google-chrome
05/06/2024 07:27:05 PM | INFO: Driver [/Users/pimenvibritania/.wdm/drivers/chromedriver/mac64/124.0.6367.91/chromedriver-mac-arm64/chromedriver] found in cache
05/06/2024 07:27:05 PM | INFO: webdriver installed 
05/06/2024 07:27:23 PM | INFO: login as 196702042007011011 
05/06/2024 07:27:25 PM | INFO: {'success': False, 'error': 'Waktu aktivitas ini bersinggungan dengan aktivitas "Melakukan penagihan retribusi sampah ke Tps. Bolang RT. 03,04,06,07"'}
05/06/2024 07:27:25 PM | INFO: Aktifitas (08:15 - 12:00): False selesai diinput
05/06/2024 07:27:25 PM | INFO: {'success': False, 'error': 'Waktu aktivitas ini bersinggungan dengan aktivitas "Melakukan penagihan retribusi sampah ke PT. LONGPIN"'}
05/06/2024 07:27:25 PM | INFO: Aktifitas (13:00 - 15:00): False selesai diinput
05/06/2024 07:27:26 PM | INFO: {'success': False, 'error': 'Waktu aktivitas ini bersinggungan dengan aktivitas "Melakukan kegiatan apel pagi di lingkungan kantor"'}
05/06/2024 07:27:26 PM | INFO: Aktifitas tambahan selesai diinput 
05/06/2024 07:27:26 PM | INFO: webdriver closed 
